<?xml version="1.0" encoding="utf-8"?>
<TestRun id="ae116bd4-f801-4f04-b7e9-a3a7d21a4d42" name="@Abdos-MacBook-Pro 2026-09-19 23:57:10" xmlns="http://microsoft.com/schemas/VisualStudio/TeamTest/2010">
  <Times creation="2026-09-19T23:57:10.4297110+04:00" queuing="2026-09-19T23:57:10.4297110+04:00" start="2026-09-19T23:57:08.3850190+04:00" finish="2026-09-19T23:57:10.4536610+04:00" />
  <TestSettings name="default" id="a2da8c10-92ba-402f-a416-f03508b11032">
    <Deployment runDeploymentRoot="_Abdos-MacBook-Pro_2026-09-19_23_57_10" />
  </TestSettings>
  <Results>
    <UnitTestResult executionId="a24931dc-f132-4c5f-ba81-b1955641037f" testId="4dbe103e-6e67-e0dd-2967-eb82cacabeb5" testName="Erp.Infrastructure.Tests.PersistenceModelTests.Purchase_bill_mapping_preserves_restricted_history_links" computerName="Abdos-MacBook-Pro" duration="00:00:01.2525251" startTime="2026-09-19T23:57:10.3784910+04:00" endTime="2026-09-19T23:57:10.3785000+04:00" testType="13cdc9d9-ddb5-4fa4-a97d-d965ccfc6d4b" outcome="Passed" testListId="8c84fa94-04c1-424b-9868-57a2d4851a1d" relativeResultsDirectory="a24931dc-f132-4c5f-ba81-b1955641037f" />
    <UnitTestResult executionId="ac7ad6b8-78cf-47dc-81cc-ee3ffb5fb692" testId="a1d6a825-d630-b0a1-450a-e46923536ab8" testName="Erp.Infrastructure.Tests.PersistenceModelTests.Accounting_model_preserves_posting_and_financial_dimension_constraints" computerName="Abdos-MacBook-Pro" duration="00:00:00.0200356" startTime="2026-09-19T23:57:10.4125010+04:00" endTime="2026-09-19T23:57:10.4125010+04:00" testType="13cdc9d9-ddb5-4fa4-a97d-d965ccfc6d4b" outcome="Passed" testListId="8c84fa94-04c1-424b-9868-57a2d4851a1d" relativeResultsDirectory="ac7ad6b8-78cf-47dc-81cc-ee3ffb5fb692" />
    <UnitTestResult executionId="a7607d64-6770-49b1-aa3f-8763befb8f5c" testId="17033231-71db-8070-8223-d71f8737c0c4" testName="Erp.Infrastructure.Tests.PersistenceModelTests.Inventory_movement_mapping_preserves_history_and_opening_stock_constraint" computerName="Abdos-MacBook-Pro" duration="00:00:00.0017748" startTime="2026-09-19T23:57:10.4150040+04:00" endTime="2026-09-19T23:57:10.4150040+04:00" testType="13cdc9d9-ddb5-4fa4-a97d-d965ccfc6d4b" outcome="Passed" testListId="8c84fa94-04c1-424b-9868-57a2d4851a1d" relativeResultsDirectory="a7607d64-6770-49b1-aa3f-8763befb8f5c" />
    <UnitTestResult executionId="865c0567-5f4e-41fe-8b2d-d3c9abf80bb7" testId="c1d08b94-76b6-d3a5-251d-cef1468e67c3" testName="Erp.Infrastructure.Tests.PersistenceModelTests.Inventory_balance_has_a_unique_company_product_warehouse_constraint" computerName="Abdos-MacBook-Pro" duration="00:00:00.0071176" startTime="2026-09-19T23:57:10.3951770+04:00" endTime="2026-09-19T23:57:10.3951770+04:00" testType="13cdc9d9-ddb5-4fa4-a97d-d965ccfc6d4b" outcome="Passed" testListId="8c84fa94-04c1-424b-9868-57a2d4851a1d" relativeResultsDirectory="865c0567-5f4e-41fe-8b2d-d3c9abf80bb7" />
    <UnitTestResult executionId="d1d6b2e2-d5a3-4358-8139-5ba93b3c8f6b" testId="9086140b-7753-9257-b2f3-60e80af1a0c7" testName="Erp.Infrastructure.Tests.PersistenceModelTests.Model_contains_the_organization_and_company_mapping" computerName="Abdos-MacBook-Pro" duration="00:00:00.0057342" startTime="2026-09-19T23:57:10.3936560+04:00" endTime="2026-09-19T23:57:10.3936560+04:00" testType="13cdc9d9-ddb5-4fa4-a97d-d965ccfc6d4b" outcome="Passed" testListId="8c84fa94-04c1-424b-9868-57a2d4851a1d" relativeResultsDirectory="d1d6b2e2-d5a3-4358-8139-5ba93b3c8f6b" />
    <UnitTestResult executionId="58515604-a3cf-45e2-bfd8-5bd762b10725" testId="6fc17f45-5e01-b799-1730-ad30718fc4d5" testName="Erp.Infrastructure.Tests.PersistenceModelTests.External_identities_are_unique_per_provider_subject_and_restrict_user_deletion" computerName="Abdos-MacBook-Pro" duration="00:00:00.0011279" startTime="2026-09-19T23:57:10.4125940+04:00" endTime="2026-09-19T23:57:10.4125940+04:00" testType="13cdc9d9-ddb5-4fa4-a97d-d965ccfc6d4b" outcome="Passed" testListId="8c84fa94-04c1-424b-9868-57a2d4851a1d" relativeResultsDirectory="58515604-a3cf-45e2-bfd8-5bd762b10725" />
    <UnitTestResult executionId="18f265c0-d39b-4c41-96a9-9cb5e344d4b0" testId="56a5535b-6ec0-3c3a-92f4-c1e72dcea1a7" testName="Erp.Infrastructure.Tests.PersistenceModelTests.Journal_entry_lines_require_a_restricted_link_to_their_header" computerName="Abdos-MacBook-Pro" duration="00:00:00.0002880" startTime="2026-09-19T23:57:10.4128640+04:00" endTime="2026-09-19T23:57:10.4128640+04:00" testType="13cdc9d9-ddb5-4fa4-a97d-d965ccfc6d4b" outcome="Passed" testListId="8c84fa94-04c1-424b-9868-57a2d4851a1d" relativeResultsDirectory="18f265c0-d39b-4c41-96a9-9cb5e344d4b0" />
  </Results>
  <TestDefinitions>
    <UnitTest name="Erp.Infrastructure.Tests.PersistenceModelTests.Inventory_balance_has_a_unique_company_product_warehouse_constraint" storage="/users/abdoadel/documents/for test/erp/backend/tests/erp.infrastructure.tests/bin/release/net8.0/erp.infrastructure.tests.dll" id="c1d08b94-76b6-d3a5-251d-cef1468e67c3">
      <Execution id="865c0567-5f4e-41fe-8b2d-d3c9abf80bb7" />
      <TestMethod codeBase="/Users/abdoadel/Documents/For Test/erp/backend/tests/Erp.Infrastructure.Tests/bin/Release/net8.0/Erp.Infrastructure.Tests.dll" adapterTypeName="executor://xunit/VsTestRunner2/netcoreapp" className="Erp.Infrastructure.Tests.PersistenceModelTests" name="Inventory_balance_has_a_unique_company_product_warehouse_constraint" />
    </UnitTest>
    <UnitTest name="Erp.Infrastructure.Tests.PersistenceModelTests.Inventory_movement_mapping_preserves_history_and_opening_stock_constraint" storage="/users/abdoadel/documents/for test/erp/backend/tests/erp.infrastructure.tests/bin/release/net8.0/erp.infrastructure.tests.dll" id="17033231-71db-8070-8223-d71f8737c0c4">
      <Execution id="a7607d64-6770-49b1-aa3f-8763befb8f5c" />
      <TestMethod codeBase="/Users/abdoadel/Documents/For Test/erp/backend/tests/Erp.Infrastructure.Tests/bin/Release/net8.0/Erp.Infrastructure.Tests.dll" adapterTypeName="executor://xunit/VsTestRunner2/netcoreapp" className="Erp.Infrastructure.Tests.PersistenceModelTests" name="Inventory_movement_mapping_preserves_history_and_opening_stock_constraint" />
    </UnitTest>
    <UnitTest name="Erp.Infrastructure.Tests.PersistenceModelTests.Accounting_model_preserves_posting_and_financial_dimension_constraints" storage="/users/abdoadel/documents/for test/erp/backend/tests/erp.infrastructure.tests/bin/release/net8.0/erp.infrastructure.tests.dll" id="a1d6a825-d630-b0a1-450a-e46923536ab8">
      <Execution id="ac7ad6b8-78cf-47dc-81cc-ee3ffb5fb692" />
      <TestMethod codeBase="/Users/abdoadel/Documents/For Test/erp/backend/tests/Erp.Infrastructure.Tests/bin/Release/net8.0/Erp.Infrastructure.Tests.dll" adapterTypeName="executor://xunit/VsTestRunner2/netcoreapp" className="Erp.Infrastructure.Tests.PersistenceModelTests" name="Accounting_model_preserves_posting_and_financial_dimension_constraints" />
    </UnitTest>
    <UnitTest name="Erp.Infrastructure.Tests.PersistenceModelTests.Model_contains_the_organization_and_company_mapping" storage="/users/abdoadel/documents/for test/erp/backend/tests/erp.infrastructure.tests/bin/release/net8.0/erp.infrastructure.tests.dll" id="9086140b-7753-9257-b2f3-60e80af1a0c7">
      <Execution id="d1d6b2e2-d5a3-4358-8139-5ba93b3c8f6b" />
      <TestMethod codeBase="/Users/abdoadel/Documents/For Test/erp/backend/tests/Erp.Infrastructure.Tests/bin/Release/net8.0/Erp.Infrastructure.Tests.dll" adapterTypeName="executor://xunit/VsTestRunner2/netcoreapp" className="Erp.Infrastructure.Tests.PersistenceModelTests" name="Model_contains_the_organization_and_company_mapping" />
    </UnitTest>
    <UnitTest name="Erp.Infrastructure.Tests.PersistenceModelTests.External_identities_are_unique_per_provider_subject_and_restrict_user_deletion" storage="/users/abdoadel/documents/for test/erp/backend/tests/erp.infrastructure.tests/bin/release/net8.0/erp.infrastructure.tests.dll" id="6fc17f45-5e01-b799-1730-ad30718fc4d5">
      <Execution id="58515604-a3cf-45e2-bfd8-5bd762b10725" />
      <TestMethod codeBase="/Users/abdoadel/Documents/For Test/erp/backend/tests/Erp.Infrastructure.Tests/bin/Release/net8.0/Erp.Infrastructure.Tests.dll" adapterTypeName="executor://xunit/VsTestRunner2/netcoreapp" className="Erp.Infrastructure.Tests.PersistenceModelTests" name="External_identities_are_unique_per_provider_subject_and_restrict_user_deletion" />
    </UnitTest>
    <UnitTest name="Erp.Infrastructure.Tests.PersistenceModelTests.Purchase_bill_mapping_preserves_restricted_history_links" storage="/users/abdoadel/documents/for test/erp/backend/tests/erp.infrastructure.tests/bin/release/net8.0/erp.infrastructure.tests.dll" id="4dbe103e-6e67-e0dd-2967-eb82cacabeb5">
      <Execution id="a24931dc-f132-4c5f-ba81-b1955641037f" />
      <TestMethod codeBase="/Users/abdoadel/Documents/For Test/erp/backend/tests/Erp.Infrastructure.Tests/bin/Release/net8.0/Erp.Infrastructure.Tests.dll" adapterTypeName="executor://xunit/VsTestRunner2/netcoreapp" className="Erp.Infrastructure.Tests.PersistenceModelTests" name="Purchase_bill_mapping_preserves_restricted_history_links" />
    </UnitTest>
    <UnitTest name="Erp.Infrastructure.Tests.PersistenceModelTests.Journal_entry_lines_require_a_restricted_link_to_their_header" storage="/users/abdoadel/documents/for test/erp/backend/tests/erp.infrastructure.tests/bin/release/net8.0/erp.infrastructure.tests.dll" id="56a5535b-6ec0-3c3a-92f4-c1e72dcea1a7">
      <Execution id="18f265c0-d39b-4c41-96a9-9cb5e344d4b0" />
      <TestMethod codeBase="/Users/abdoadel/Documents/For Test/erp/backend/tests/Erp.Infrastructure.Tests/bin/Release/net8.0/Erp.Infrastructure.Tests.dll" adapterTypeName="executor://xunit/VsTestRunner2/netcoreapp" className="Erp.Infrastructure.Tests.PersistenceModelTests" name="Journal_entry_lines_require_a_restricted_link_to_their_header" />
    </UnitTest>
  </TestDefinitions>
  <TestEntries>
    <TestEntry testId="4dbe103e-6e67-e0dd-2967-eb82cacabeb5" executionId="a24931dc-f132-4c5f-ba81-b1955641037f" testListId="8c84fa94-04c1-424b-9868-57a2d4851a1d" />
    <TestEntry testId="a1d6a825-d630-b0a1-450a-e46923536ab8" executionId="ac7ad6b8-78cf-47dc-81cc-ee3ffb5fb692" testListId="8c84fa94-04c1-424b-9868-57a2d4851a1d" />
    <TestEntry testId="17033231-71db-8070-8223-d71f8737c0c4" executionId="a7607d64-6770-49b1-aa3f-8763befb8f5c" testListId="8c84fa94-04c1-424b-9868-57a2d4851a1d" />
    <TestEntry testId="c1d08b94-76b6-d3a5-251d-cef1468e67c3" executionId="865c0567-5f4e-41fe-8b2d-d3c9abf80bb7" testListId="8c84fa94-04c1-424b-9868-57a2d4851a1d" />
    <TestEntry testId="9086140b-7753-9257-b2f3-60e80af1a0c7" executionId="d1d6b2e2-d5a3-4358-8139-5ba93b3c8f6b" testListId="8c84fa94-04c1-424b-9868-57a2d4851a1d" />
    <TestEntry testId="6fc17f45-5e01-b799-1730-ad30718fc4d5" executionId="58515604-a3cf-45e2-bfd8-5bd762b10725" testListId="8c84fa94-04c1-424b-9868-57a2d4851a1d" />
    <TestEntry testId="56a5535b-6ec0-3c3a-92f4-c1e72dcea1a7" executionId="18f265c0-d39b-4c41-96a9-9cb5e344d4b0" testListId="8c84fa94-04c1-424b-9868-57a2d4851a1d" />
  </TestEntries>
  <TestLists>
    <TestList name="Results Not in a List" id="8c84fa94-04c1-424b-9868-57a2d4851a1d" />
    <TestList name="All Loaded Results" id="19431567-8539-422a-85d7-44ee4e166bda" />
  </TestLists>
  <ResultSummary outcome="Completed">
    <Counters total="7" executed="7" passed="7" failed="0" error="0" timeout="0" aborted="0" inconclusive="0" passedButRunAborted="0" notRunnable="0" notExecuted="0" disconnected="0" warning="0" completed="0" inProgress="0" pending="0" />
    <Output>
      <StdOut>[xUnit.net 00:00:00.00] xUnit.net VSTest Adapter v2.8.2+699d445a1a (64-bit .NET 8.0.19)
[xUnit.net 00:00:00.08]   Discovering: Erp.Infrastructure.Tests
[xUnit.net 00:00:00.11]   Discovered:  Erp.Infrastructure.Tests
[xUnit.net 00:00:00.11]   Starting:    Erp.Infrastructure.Tests
[xUnit.net 00:00:01.44]   Finished:    Erp.Infrastructure.Tests
</StdOut>
    </Output>
  </ResultSummary>
</TestRun>